# Logfile created on Sat Apr 17 13:12:56 -0700 2010

Processing LyricsController#index (for 76.121.53.222 at 2010-04-17 13:12:56) [GET]


ActiveRecord::StatementInvalid (SQLite3::SQLException: no such table: lyrics: SELECT * FROM "lyrics" ):
    /usr/lib/ruby/gems/1.8/gems/activerecord-2.2.3/lib/active_record/connection_adapters/abstract_adapter.rb:188:in `log'
    /usr/lib/ruby/gems/1.8/gems/activerecord-2.2.3/lib/active_record/connection_adapters/sqlite_adapter.rb:132:in `execute'
    /usr/lib/ruby/gems/1.8/gems/activerecord-2.2.3/lib/active_record/connection_adapters/sqlite_adapter.rb:372:in `catch_schema_changes'
    /usr/lib/ruby/gems/1.8/gems/activerecord-2.2.3/lib/active_record/connection_adapters/sqlite_adapter.rb:132:in `execute'
    /usr/lib/ruby/gems/1.8/gems/activerecord-2.2.3/lib/active_record/connection_adapters/sqlite_adapter.rb:275:in `select'
    /usr/lib/ruby/gems/1.8/gems/activerecord-2.2.3/lib/active_record/connection_adapters/abstract/database_statements.rb:7:in `select_all_without_query_cache'
    /usr/lib/ruby/gems/1.8/gems/activerecord-2.2.3/lib/active_record/connection_adapters/abstract/query_cache.rb:60:in `select_all'
    /usr/lib/ruby/gems/1.8/gems/activerecord-2.2.3/lib/active_record/connection_adapters/abstract/query_cache.rb:81:in `cache_sql'
    /usr/lib/ruby/gems/1.8/gems/activerecord-2.2.3/lib/active_record/connection_adapters/abstract/query_cache.rb:60:in `select_all'
    /usr/lib/ruby/gems/1.8/gems/activerecord-2.2.3/lib/active_record/base.rb:635:in `find_by_sql'
    /usr/lib/ruby/gems/1.8/gems/activerecord-2.2.3/lib/active_record/base.rb:1490:in `find_every'
    /usr/lib/ruby/gems/1.8/gems/activerecord-2.2.3/lib/active_record/base.rb:589:in `find'
    /app/models/lyric.rb:6:in `search'
    /app/controllers/lyrics_controller.rb:7:in `index'
    /usr/lib/ruby/gems/1.8/gems/actionpack-2.2.3/lib/action_controller/base.rb:1256:in `send'
    /usr/lib/ruby/gems/1.8/gems/actionpack-2.2.3/lib/action_controller/base.rb:1256:in `perform_action_without_filters'
    /usr/lib/ruby/gems/1.8/gems/actionpack-2.2.3/lib/action_controller/filters.rb:617:in `call_filters'
    /usr/lib/ruby/gems/1.8/gems/actionpack-2.2.3/lib/action_controller/filters.rb:610:in `perform_action_without_benchmark'
    /usr/lib/ruby/gems/1.8/gems/actionpack-2.2.3/lib/action_controller/benchmarking.rb:68:in `perform_action_without_rescue'
    /usr/lib/ruby/1.8/benchmark.rb:293:in `measure'
    /usr/lib/ruby/gems/1.8/gems/actionpack-2.2.3/lib/action_controller/benchmarking.rb:68:in `perform_action_without_rescue'
    /usr/lib/ruby/gems/1.8/gems/actionpack-2.2.3/lib/action_controller/rescue.rb:136:in `perform_action_without_caching'
    /usr/lib/ruby/gems/1.8/gems/actionpack-2.2.3/lib/action_controller/caching/sql_cache.rb:13:in `passenger_orig_perform_action'
    /usr/lib/ruby/gems/1.8/gems/activerecord-2.2.3/lib/active_record/connection_adapters/abstract/query_cache.rb:34:in `cache'
    /usr/lib/ruby/gems/1.8/gems/activerecord-2.2.3/lib/active_record/query_cache.rb:8:in `cache'
    /usr/lib/ruby/gems/1.8/gems/actionpack-2.2.3/lib/action_controller/caching/sql_cache.rb:12:in `passenger_orig_perform_action'
    /dh/passenger/lib/phusion_passenger/railz/request_handler.rb:65:in `perform_action'
    /usr/lib/ruby/gems/1.8/gems/actionpack-2.2.3/lib/action_controller/base.rb:524:in `send'
    /usr/lib/ruby/gems/1.8/gems/actionpack-2.2.3/lib/action_controller/base.rb:524:in `process_without_filters'
    /usr/lib/ruby/gems/1.8/gems/actionpack-2.2.3/lib/action_controller/filters.rb:606:in `process_without_session_management_support'
    /usr/lib/ruby/gems/1.8/gems/actionpack-2.2.3/lib/action_controller/session_management.rb:134:in `process'
    /usr/lib/ruby/gems/1.8/gems/actionpack-2.2.3/lib/action_controller/base.rb:392:in `process'
    /usr/lib/ruby/gems/1.8/gems/actionpack-2.2.3/lib/action_controller/dispatcher.rb:184:in `handle_request'
    /usr/lib/ruby/gems/1.8/gems/actionpack-2.2.3/lib/action_controller/dispatcher.rb:112:in `dispatch_unlocked'
    /usr/lib/ruby/gems/1.8/gems/actionpack-2.2.3/lib/action_controller/dispatcher.rb:125:in `dispatch'
    /usr/lib/ruby/gems/1.8/gems/actionpack-2.2.3/lib/action_controller/dispatcher.rb:124:in `synchronize'
    /usr/lib/ruby/gems/1.8/gems/actionpack-2.2.3/lib/action_controller/dispatcher.rb:124:in `dispatch'
    /usr/lib/ruby/gems/1.8/gems/actionpack-2.2.3/lib/action_controller/dispatcher.rb:134:in `dispatch_cgi'
    /usr/lib/ruby/gems/1.8/gems/actionpack-2.2.3/lib/action_controller/dispatcher.rb:41:in `dispatch'
    /dh/passenger/lib/phusion_passenger/railz/request_handler.rb:50:in `process_request'
    /dh/passenger/lib/phusion_passenger/abstract_request_handler.rb:207:in `main_loop'
    /dh/passenger/lib/phusion_passenger/railz/application_spawner.rb:400:in `start_request_handler'
    /dh/passenger/lib/phusion_passenger/railz/application_spawner.rb:351:in `handle_spawn_application'
    /dh/passenger/lib/phusion_passenger/utils.rb:184:in `safe_fork'
    /dh/passenger/lib/phusion_passenger/railz/application_spawner.rb:349:in `handle_spawn_application'
    /dh/passenger/lib/phusion_passenger/abstract_server.rb:352:in `__send__'
    /dh/passenger/lib/phusion_passenger/abstract_server.rb:352:in `main_loop'
    /dh/passenger/lib/phusion_passenger/abstract_server.rb:196:in `start_synchronously'
    /dh/passenger/lib/phusion_passenger/abstract_server.rb:163:in `start'
    /dh/passenger/lib/phusion_passenger/railz/application_spawner.rb:209:in `start'
    /dh/passenger/lib/phusion_passenger/spawn_manager.rb:262:in `spawn_rails_application'
    /dh/passenger/lib/phusion_passenger/abstract_server_collection.rb:126:in `lookup_or_add'
    /dh/passenger/lib/phusion_passenger/spawn_manager.rb:256:in `spawn_rails_application'
    /dh/passenger/lib/phusion_passenger/abstract_server_collection.rb:80:in `synchronize'
    /dh/passenger/lib/phusion_passenger/abstract_server_collection.rb:79:in `synchronize'
    /dh/passenger/lib/phusion_passenger/spawn_manager.rb:255:in `spawn_rails_application'
    /dh/passenger/lib/phusion_passenger/spawn_manager.rb:154:in `spawn_application'
    /dh/passenger/lib/phusion_passenger/spawn_manager.rb:287:in `handle_spawn_application'
    /dh/passenger/lib/phusion_passenger/abstract_server.rb:352:in `__send__'
    /dh/passenger/lib/phusion_passenger/abstract_server.rb:352:in `main_loop'
    /dh/passenger/lib/phusion_passenger/abstract_server.rb:196:in `start_synchronously'
    /dh/passenger/bin/passenger-spawn-server:61

Rendering /home/dietzl/lyricmesh.com/public/500.html (500 Internal Server Error)


Processing ApplicationController#index (for 76.121.53.222 at 2010-04-17 13:13:15) [GET]


ActionController::RoutingError (No route matches "/search" with {:method=>:get}):
    /usr/lib/ruby/gems/1.8/gems/actionpack-2.2.3/lib/action_controller/routing/recognition_optimisation.rb:66:in `recognize_path'
    /usr/lib/ruby/gems/1.8/gems/actionpack-2.2.3/lib/action_controller/routing/route_set.rb:390:in `recognize'
    /usr/lib/ruby/gems/1.8/gems/actionpack-2.2.3/lib/action_controller/dispatcher.rb:183:in `handle_request'
    /usr/lib/ruby/gems/1.8/gems/actionpack-2.2.3/lib/action_controller/dispatcher.rb:112:in `dispatch_unlocked'
    /usr/lib/ruby/gems/1.8/gems/actionpack-2.2.3/lib/action_controller/dispatcher.rb:125:in `dispatch'
    /usr/lib/ruby/gems/1.8/gems/actionpack-2.2.3/lib/action_controller/dispatcher.rb:124:in `synchronize'
    /usr/lib/ruby/gems/1.8/gems/actionpack-2.2.3/lib/action_controller/dispatcher.rb:124:in `dispatch'
    /usr/lib/ruby/gems/1.8/gems/actionpack-2.2.3/lib/action_controller/dispatcher.rb:134:in `dispatch_cgi'
    /usr/lib/ruby/gems/1.8/gems/actionpack-2.2.3/lib/action_controller/dispatcher.rb:41:in `dispatch'
    /dh/passenger/lib/phusion_passenger/railz/request_handler.rb:50:in `process_request'
    /dh/passenger/lib/phusion_passenger/abstract_request_handler.rb:207:in `main_loop'
    /dh/passenger/lib/phusion_passenger/railz/application_spawner.rb:400:in `start_request_handler'
    /dh/passenger/lib/phusion_passenger/railz/application_spawner.rb:351:in `handle_spawn_application'
    /dh/passenger/lib/phusion_passenger/utils.rb:184:in `safe_fork'
    /dh/passenger/lib/phusion_passenger/railz/application_spawner.rb:349:in `handle_spawn_application'
    /dh/passenger/lib/phusion_passenger/abstract_server.rb:352:in `__send__'
    /dh/passenger/lib/phusion_passenger/abstract_server.rb:352:in `main_loop'
    /dh/passenger/lib/phusion_passenger/abstract_server.rb:196:in `start_synchronously'
    /dh/passenger/lib/phusion_passenger/abstract_server.rb:163:in `start'
    /dh/passenger/lib/phusion_passenger/railz/application_spawner.rb:209:in `start'
    /dh/passenger/lib/phusion_passenger/spawn_manager.rb:262:in `spawn_rails_application'
    /dh/passenger/lib/phusion_passenger/abstract_server_collection.rb:126:in `lookup_or_add'
    /dh/passenger/lib/phusion_passenger/spawn_manager.rb:256:in `spawn_rails_application'
    /dh/passenger/lib/phusion_passenger/abstract_server_collection.rb:80:in `synchronize'
    /dh/passenger/lib/phusion_passenger/abstract_server_collection.rb:79:in `synchronize'
    /dh/passenger/lib/phusion_passenger/spawn_manager.rb:255:in `spawn_rails_application'
    /dh/passenger/lib/phusion_passenger/spawn_manager.rb:154:in `spawn_application'
    /dh/passenger/lib/phusion_passenger/spawn_manager.rb:287:in `handle_spawn_application'
    /dh/passenger/lib/phusion_passenger/abstract_server.rb:352:in `__send__'
    /dh/passenger/lib/phusion_passenger/abstract_server.rb:352:in `main_loop'
    /dh/passenger/lib/phusion_passenger/abstract_server.rb:196:in `start_synchronously'
    /dh/passenger/bin/passenger-spawn-server:61

Rendering /home/dietzl/lyricmesh.com/public/404.html (404 Not Found)


Processing LyricsController#index (for 76.121.53.222 at 2010-04-17 13:13:19) [GET]


ActiveRecord::StatementInvalid (SQLite3::SQLException: no such table: lyrics: SELECT * FROM "lyrics" ):
    /usr/lib/ruby/gems/1.8/gems/activerecord-2.2.3/lib/active_record/connection_adapters/abstract_adapter.rb:188:in `log'
    /usr/lib/ruby/gems/1.8/gems/activerecord-2.2.3/lib/active_record/connection_adapters/sqlite_adapter.rb:132:in `execute'
    /usr/lib/ruby/gems/1.8/gems/activerecord-2.2.3/lib/active_record/connection_adapters/sqlite_adapter.rb:372:in `catch_schema_changes'
    /usr/lib/ruby/gems/1.8/gems/activerecord-2.2.3/lib/active_record/connection_adapters/sqlite_adapter.rb:132:in `execute'
    /usr/lib/ruby/gems/1.8/gems/activerecord-2.2.3/lib/active_record/connection_adapters/sqlite_adapter.rb:275:in `select'
    /usr/lib/ruby/gems/1.8/gems/activerecord-2.2.3/lib/active_record/connection_adapters/abstract/database_statements.rb:7:in `select_all_without_query_cache'
    /usr/lib/ruby/gems/1.8/gems/activerecord-2.2.3/lib/active_record/connection_adapters/abstract/query_cache.rb:60:in `select_all'
    /usr/lib/ruby/gems/1.8/gems/activerecord-2.2.3/lib/active_record/connection_adapters/abstract/query_cache.rb:81:in `cache_sql'
    /usr/lib/ruby/gems/1.8/gems/activerecord-2.2.3/lib/active_record/connection_adapters/abstract/query_cache.rb:60:in `select_all'
    /usr/lib/ruby/gems/1.8/gems/activerecord-2.2.3/lib/active_record/base.rb:635:in `find_by_sql'
    /usr/lib/ruby/gems/1.8/gems/activerecord-2.2.3/lib/active_record/base.rb:1490:in `find_every'
    /usr/lib/ruby/gems/1.8/gems/activerecord-2.2.3/lib/active_record/base.rb:589:in `find'
    /app/models/lyric.rb:6:in `search'
    /app/controllers/lyrics_controller.rb:7:in `index'
    /usr/lib/ruby/gems/1.8/gems/actionpack-2.2.3/lib/action_controller/base.rb:1256:in `send'
    /usr/lib/ruby/gems/1.8/gems/actionpack-2.2.3/lib/action_controller/base.rb:1256:in `perform_action_without_filters'
    /usr/lib/ruby/gems/1.8/gems/actionpack-2.2.3/lib/action_controller/filters.rb:617:in `call_filters'
    /usr/lib/ruby/gems/1.8/gems/actionpack-2.2.3/lib/action_controller/filters.rb:610:in `perform_action_without_benchmark'
    /usr/lib/ruby/gems/1.8/gems/actionpack-2.2.3/lib/action_controller/benchmarking.rb:68:in `perform_action_without_rescue'
    /usr/lib/ruby/1.8/benchmark.rb:293:in `measure'
    /usr/lib/ruby/gems/1.8/gems/actionpack-2.2.3/lib/action_controller/benchmarking.rb:68:in `perform_action_without_rescue'
    /usr/lib/ruby/gems/1.8/gems/actionpack-2.2.3/lib/action_controller/rescue.rb:136:in `perform_action_without_caching'
    /usr/lib/ruby/gems/1.8/gems/actionpack-2.2.3/lib/action_controller/caching/sql_cache.rb:13:in `passenger_orig_perform_action'
    /usr/lib/ruby/gems/1.8/gems/activerecord-2.2.3/lib/active_record/connection_adapters/abstract/query_cache.rb:34:in `cache'
    /usr/lib/ruby/gems/1.8/gems/activerecord-2.2.3/lib/active_record/query_cache.rb:8:in `cache'
    /usr/lib/ruby/gems/1.8/gems/actionpack-2.2.3/lib/action_controller/caching/sql_cache.rb:12:in `passenger_orig_perform_action'
    /dh/passenger/lib/phusion_passenger/railz/request_handler.rb:65:in `perform_action'
    /usr/lib/ruby/gems/1.8/gems/actionpack-2.2.3/lib/action_controller/base.rb:524:in `send'
    /usr/lib/ruby/gems/1.8/gems/actionpack-2.2.3/lib/action_controller/base.rb:524:in `process_without_filters'
    /usr/lib/ruby/gems/1.8/gems/actionpack-2.2.3/lib/action_controller/filters.rb:606:in `process_without_session_management_support'
    /usr/lib/ruby/gems/1.8/gems/actionpack-2.2.3/lib/action_controller/session_management.rb:134:in `process'
    /usr/lib/ruby/gems/1.8/gems/actionpack-2.2.3/lib/action_controller/base.rb:392:in `process'
    /usr/lib/ruby/gems/1.8/gems/actionpack-2.2.3/lib/action_controller/dispatcher.rb:184:in `handle_request'
    /usr/lib/ruby/gems/1.8/gems/actionpack-2.2.3/lib/action_controller/dispatcher.rb:112:in `dispatch_unlocked'
    /usr/lib/ruby/gems/1.8/gems/actionpack-2.2.3/lib/action_controller/dispatcher.rb:125:in `dispatch'
    /usr/lib/ruby/gems/1.8/gems/actionpack-2.2.3/lib/action_controller/dispatcher.rb:124:in `synchronize'
    /usr/lib/ruby/gems/1.8/gems/actionpack-2.2.3/lib/action_controller/dispatcher.rb:124:in `dispatch'
    /usr/lib/ruby/gems/1.8/gems/actionpack-2.2.3/lib/action_controller/dispatcher.rb:134:in `dispatch_cgi'
    /usr/lib/ruby/gems/1.8/gems/actionpack-2.2.3/lib/action_controller/dispatcher.rb:41:in `dispatch'
    /dh/passenger/lib/phusion_passenger/railz/request_handler.rb:50:in `process_request'
    /dh/passenger/lib/phusion_passenger/abstract_request_handler.rb:207:in `main_loop'
    /dh/passenger/lib/phusion_passenger/railz/application_spawner.rb:400:in `start_request_handler'
    /dh/passenger/lib/phusion_passenger/railz/application_spawner.rb:351:in `handle_spawn_application'
    /dh/passenger/lib/phusion_passenger/utils.rb:184:in `safe_fork'
    /dh/passenger/lib/phusion_passenger/railz/application_spawner.rb:349:in `handle_spawn_application'
    /dh/passenger/lib/phusion_passenger/abstract_server.rb:352:in `__send__'
    /dh/passenger/lib/phusion_passenger/abstract_server.rb:352:in `main_loop'
    /dh/passenger/lib/phusion_passenger/abstract_server.rb:196:in `start_synchronously'
    /dh/passenger/lib/phusion_passenger/abstract_server.rb:163:in `start'
    /dh/passenger/lib/phusion_passenger/railz/application_spawner.rb:209:in `start'
    /dh/passenger/lib/phusion_passenger/spawn_manager.rb:262:in `spawn_rails_application'
    /dh/passenger/lib/phusion_passenger/abstract_server_collection.rb:126:in `lookup_or_add'
    /dh/passenger/lib/phusion_passenger/spawn_manager.rb:256:in `spawn_rails_application'
    /dh/passenger/lib/phusion_passenger/abstract_server_collection.rb:80:in `synchronize'
    /dh/passenger/lib/phusion_passenger/abstract_server_collection.rb:79:in `synchronize'
    /dh/passenger/lib/phusion_passenger/spawn_manager.rb:255:in `spawn_rails_application'
    /dh/passenger/lib/phusion_passenger/spawn_manager.rb:154:in `spawn_application'
    /dh/passenger/lib/phusion_passenger/spawn_manager.rb:287:in `handle_spawn_application'
    /dh/passenger/lib/phusion_passenger/abstract_server.rb:352:in `__send__'
    /dh/passenger/lib/phusion_passenger/abstract_server.rb:352:in `main_loop'
    /dh/passenger/lib/phusion_passenger/abstract_server.rb:196:in `start_synchronously'
    /dh/passenger/bin/passenger-spawn-server:61

Rendering /home/dietzl/lyricmesh.com/public/500.html (500 Internal Server Error)


Processing LyricsController#search (for 76.121.53.222 at 2010-04-17 13:13:23) [GET]


ActiveRecord::StatementInvalid (SQLite3::SQLException: no such table: lyrics: SELECT * FROM "lyrics" ):
    /usr/lib/ruby/gems/1.8/gems/activerecord-2.2.3/lib/active_record/connection_adapters/abstract_adapter.rb:188:in `log'
    /usr/lib/ruby/gems/1.8/gems/activerecord-2.2.3/lib/active_record/connection_adapters/sqlite_adapter.rb:132:in `execute'
    /usr/lib/ruby/gems/1.8/gems/activerecord-2.2.3/lib/active_record/connection_adapters/sqlite_adapter.rb:372:in `catch_schema_changes'
    /usr/lib/ruby/gems/1.8/gems/activerecord-2.2.3/lib/active_record/connection_adapters/sqlite_adapter.rb:132:in `execute'
    /usr/lib/ruby/gems/1.8/gems/activerecord-2.2.3/lib/active_record/connection_adapters/sqlite_adapter.rb:275:in `select'
    /usr/lib/ruby/gems/1.8/gems/activerecord-2.2.3/lib/active_record/connection_adapters/abstract/database_statements.rb:7:in `select_all_without_query_cache'
    /usr/lib/ruby/gems/1.8/gems/activerecord-2.2.3/lib/active_record/connection_adapters/abstract/query_cache.rb:60:in `select_all'
    /usr/lib/ruby/gems/1.8/gems/activerecord-2.2.3/lib/active_record/connection_adapters/abstract/query_cache.rb:81:in `cache_sql'
    /usr/lib/ruby/gems/1.8/gems/activerecord-2.2.3/lib/active_record/connection_adapters/abstract/query_cache.rb:60:in `select_all'
    /usr/lib/ruby/gems/1.8/gems/activerecord-2.2.3/lib/active_record/base.rb:635:in `find_by_sql'
    /usr/lib/ruby/gems/1.8/gems/activerecord-2.2.3/lib/active_record/base.rb:1490:in `find_every'
    /usr/lib/ruby/gems/1.8/gems/activerecord-2.2.3/lib/active_record/base.rb:589:in `find'
    /app/models/lyric.rb:6:in `search'
    /app/controllers/lyrics_controller.rb:16:in `search'
    /usr/lib/ruby/gems/1.8/gems/actionpack-2.2.3/lib/action_controller/base.rb:1256:in `send'
    /usr/lib/ruby/gems/1.8/gems/actionpack-2.2.3/lib/action_controller/base.rb:1256:in `perform_action_without_filters'
    /usr/lib/ruby/gems/1.8/gems/actionpack-2.2.3/lib/action_controller/filters.rb:617:in `call_filters'
    /usr/lib/ruby/gems/1.8/gems/actionpack-2.2.3/lib/action_controller/filters.rb:610:in `perform_action_without_benchmark'
    /usr/lib/ruby/gems/1.8/gems/actionpack-2.2.3/lib/action_controller/benchmarking.rb:68:in `perform_action_without_rescue'
    /usr/lib/ruby/1.8/benchmark.rb:293:in `measure'
    /usr/lib/ruby/gems/1.8/gems/actionpack-2.2.3/lib/action_controller/benchmarking.rb:68:in `perform_action_without_rescue'
    /usr/lib/ruby/gems/1.8/gems/actionpack-2.2.3/lib/action_controller/rescue.rb:136:in `perform_action_without_caching'
    /usr/lib/ruby/gems/1.8/gems/actionpack-2.2.3/lib/action_controller/caching/sql_cache.rb:13:in `passenger_orig_perform_action'
    /usr/lib/ruby/gems/1.8/gems/activerecord-2.2.3/lib/active_record/connection_adapters/abstract/query_cache.rb:34:in `cache'
    /usr/lib/ruby/gems/1.8/gems/activerecord-2.2.3/lib/active_record/query_cache.rb:8:in `cache'
    /usr/lib/ruby/gems/1.8/gems/actionpack-2.2.3/lib/action_controller/caching/sql_cache.rb:12:in `passenger_orig_perform_action'
    /dh/passenger/lib/phusion_passenger/railz/request_handler.rb:65:in `perform_action'
    /usr/lib/ruby/gems/1.8/gems/actionpack-2.2.3/lib/action_controller/base.rb:524:in `send'
    /usr/lib/ruby/gems/1.8/gems/actionpack-2.2.3/lib/action_controller/base.rb:524:in `process_without_filters'
    /usr/lib/ruby/gems/1.8/gems/actionpack-2.2.3/lib/action_controller/filters.rb:606:in `process_without_session_management_support'
    /usr/lib/ruby/gems/1.8/gems/actionpack-2.2.3/lib/action_controller/session_management.rb:134:in `process'
    /usr/lib/ruby/gems/1.8/gems/actionpack-2.2.3/lib/action_controller/base.rb:392:in `process'
    /usr/lib/ruby/gems/1.8/gems/actionpack-2.2.3/lib/action_controller/dispatcher.rb:184:in `handle_request'
    /usr/lib/ruby/gems/1.8/gems/actionpack-2.2.3/lib/action_controller/dispatcher.rb:112:in `dispatch_unlocked'
    /usr/lib/ruby/gems/1.8/gems/actionpack-2.2.3/lib/action_controller/dispatcher.rb:125:in `dispatch'
    /usr/lib/ruby/gems/1.8/gems/actionpack-2.2.3/lib/action_controller/dispatcher.rb:124:in `synchronize'
    /usr/lib/ruby/gems/1.8/gems/actionpack-2.2.3/lib/action_controller/dispatcher.rb:124:in `dispatch'
    /usr/lib/ruby/gems/1.8/gems/actionpack-2.2.3/lib/action_controller/dispatcher.rb:134:in `dispatch_cgi'
    /usr/lib/ruby/gems/1.8/gems/actionpack-2.2.3/lib/action_controller/dispatcher.rb:41:in `dispatch'
    /dh/passenger/lib/phusion_passenger/railz/request_handler.rb:50:in `process_request'
    /dh/passenger/lib/phusion_passenger/abstract_request_handler.rb:207:in `main_loop'
    /dh/passenger/lib/phusion_passenger/railz/application_spawner.rb:400:in `start_request_handler'
    /dh/passenger/lib/phusion_passenger/railz/application_spawner.rb:351:in `handle_spawn_application'
    /dh/passenger/lib/phusion_passenger/utils.rb:184:in `safe_fork'
    /dh/passenger/lib/phusion_passenger/railz/application_spawner.rb:349:in `handle_spawn_application'
    /dh/passenger/lib/phusion_passenger/abstract_server.rb:352:in `__send__'
    /dh/passenger/lib/phusion_passenger/abstract_server.rb:352:in `main_loop'
    /dh/passenger/lib/phusion_passenger/abstract_server.rb:196:in `start_synchronously'
    /dh/passenger/lib/phusion_passenger/abstract_server.rb:163:in `start'
    /dh/passenger/lib/phusion_passenger/railz/application_spawner.rb:209:in `start'
    /dh/passenger/lib/phusion_passenger/spawn_manager.rb:262:in `spawn_rails_application'
    /dh/passenger/lib/phusion_passenger/abstract_server_collection.rb:126:in `lookup_or_add'
    /dh/passenger/lib/phusion_passenger/spawn_manager.rb:256:in `spawn_rails_application'
    /dh/passenger/lib/phusion_passenger/abstract_server_collection.rb:80:in `synchronize'
    /dh/passenger/lib/phusion_passenger/abstract_server_collection.rb:79:in `synchronize'
    /dh/passenger/lib/phusion_passenger/spawn_manager.rb:255:in `spawn_rails_application'
    /dh/passenger/lib/phusion_passenger/spawn_manager.rb:154:in `spawn_application'
    /dh/passenger/lib/phusion_passenger/spawn_manager.rb:287:in `handle_spawn_application'
    /dh/passenger/lib/phusion_passenger/abstract_server.rb:352:in `__send__'
    /dh/passenger/lib/phusion_passenger/abstract_server.rb:352:in `main_loop'
    /dh/passenger/lib/phusion_passenger/abstract_server.rb:196:in `start_synchronously'
    /dh/passenger/bin/passenger-spawn-server:61

Rendering /home/dietzl/lyricmesh.com/public/500.html (500 Internal Server Error)


Processing LyricsController#index (for 76.121.53.222 at 2010-04-17 13:13:31) [GET]


ActiveRecord::StatementInvalid (SQLite3::SQLException: no such table: lyrics: SELECT * FROM "lyrics" ):
    /usr/lib/ruby/gems/1.8/gems/activerecord-2.2.3/lib/active_record/connection_adapters/abstract_adapter.rb:188:in `log'
    /usr/lib/ruby/gems/1.8/gems/activerecord-2.2.3/lib/active_record/connection_adapters/sqlite_adapter.rb:132:in `execute'
    /usr/lib/ruby/gems/1.8/gems/activerecord-2.2.3/lib/active_record/connection_adapters/sqlite_adapter.rb:372:in `catch_schema_changes'
    /usr/lib/ruby/gems/1.8/gems/activerecord-2.2.3/lib/active_record/connection_adapters/sqlite_adapter.rb:132:in `execute'
    /usr/lib/ruby/gems/1.8/gems/activerecord-2.2.3/lib/active_record/connection_adapters/sqlite_adapter.rb:275:in `select'
    /usr/lib/ruby/gems/1.8/gems/activerecord-2.2.3/lib/active_record/connection_adapters/abstract/database_statements.rb:7:in `select_all_without_query_cache'
    /usr/lib/ruby/gems/1.8/gems/activerecord-2.2.3/lib/active_record/connection_adapters/abstract/query_cache.rb:60:in `select_all'
    /usr/lib/ruby/gems/1.8/gems/activerecord-2.2.3/lib/active_record/connection_adapters/abstract/query_cache.rb:81:in `cache_sql'
    /usr/lib/ruby/gems/1.8/gems/activerecord-2.2.3/lib/active_record/connection_adapters/abstract/query_cache.rb:60:in `select_all'
    /usr/lib/ruby/gems/1.8/gems/activerecord-2.2.3/lib/active_record/base.rb:635:in `find_by_sql'
    /usr/lib/ruby/gems/1.8/gems/activerecord-2.2.3/lib/active_record/base.rb:1490:in `find_every'
    /usr/lib/ruby/gems/1.8/gems/activerecord-2.2.3/lib/active_record/base.rb:589:in `find'
    /app/models/lyric.rb:6:in `search'
    /app/controllers/lyrics_controller.rb:7:in `index'
    /usr/lib/ruby/gems/1.8/gems/actionpack-2.2.3/lib/action_controller/base.rb:1256:in `send'
    /usr/lib/ruby/gems/1.8/gems/actionpack-2.2.3/lib/action_controller/base.rb:1256:in `perform_action_without_filters'
    /usr/lib/ruby/gems/1.8/gems/actionpack-2.2.3/lib/action_controller/filters.rb:617:in `call_filters'
    /usr/lib/ruby/gems/1.8/gems/actionpack-2.2.3/lib/action_controller/filters.rb:610:in `perform_action_without_benchmark'
    /usr/lib/ruby/gems/1.8/gems/actionpack-2.2.3/lib/action_controller/benchmarking.rb:68:in `perform_action_without_rescue'
    /usr/lib/ruby/1.8/benchmark.rb:293:in `measure'
    /usr/lib/ruby/gems/1.8/gems/actionpack-2.2.3/lib/action_controller/benchmarking.rb:68:in `perform_action_without_rescue'
    /usr/lib/ruby/gems/1.8/gems/actionpack-2.2.3/lib/action_controller/rescue.rb:136:in `perform_action_without_caching'
    /usr/lib/ruby/gems/1.8/gems/actionpack-2.2.3/lib/action_controller/caching/sql_cache.rb:13:in `passenger_orig_perform_action'
    /usr/lib/ruby/gems/1.8/gems/activerecord-2.2.3/lib/active_record/connection_adapters/abstract/query_cache.rb:34:in `cache'
    /usr/lib/ruby/gems/1.8/gems/activerecord-2.2.3/lib/active_record/query_cache.rb:8:in `cache'
    /usr/lib/ruby/gems/1.8/gems/actionpack-2.2.3/lib/action_controller/caching/sql_cache.rb:12:in `passenger_orig_perform_action'
    /dh/passenger/lib/phusion_passenger/railz/request_handler.rb:65:in `perform_action'
    /usr/lib/ruby/gems/1.8/gems/actionpack-2.2.3/lib/action_controller/base.rb:524:in `send'
    /usr/lib/ruby/gems/1.8/gems/actionpack-2.2.3/lib/action_controller/base.rb:524:in `process_without_filters'
    /usr/lib/ruby/gems/1.8/gems/actionpack-2.2.3/lib/action_controller/filters.rb:606:in `process_without_session_management_support'
    /usr/lib/ruby/gems/1.8/gems/actionpack-2.2.3/lib/action_controller/session_management.rb:134:in `process'
    /usr/lib/ruby/gems/1.8/gems/actionpack-2.2.3/lib/action_controller/base.rb:392:in `process'
    /usr/lib/ruby/gems/1.8/gems/actionpack-2.2.3/lib/action_controller/dispatcher.rb:184:in `handle_request'
    /usr/lib/ruby/gems/1.8/gems/actionpack-2.2.3/lib/action_controller/dispatcher.rb:112:in `dispatch_unlocked'
    /usr/lib/ruby/gems/1.8/gems/actionpack-2.2.3/lib/action_controller/dispatcher.rb:125:in `dispatch'
    /usr/lib/ruby/gems/1.8/gems/actionpack-2.2.3/lib/action_controller/dispatcher.rb:124:in `synchronize'
    /usr/lib/ruby/gems/1.8/gems/actionpack-2.2.3/lib/action_controller/dispatcher.rb:124:in `dispatch'
    /usr/lib/ruby/gems/1.8/gems/actionpack-2.2.3/lib/action_controller/dispatcher.rb:134:in `dispatch_cgi'
    /usr/lib/ruby/gems/1.8/gems/actionpack-2.2.3/lib/action_controller/dispatcher.rb:41:in `dispatch'
    /dh/passenger/lib/phusion_passenger/railz/request_handler.rb:50:in `process_request'
    /dh/passenger/lib/phusion_passenger/abstract_request_handler.rb:207:in `main_loop'
    /dh/passenger/lib/phusion_passenger/railz/application_spawner.rb:400:in `start_request_handler'
    /dh/passenger/lib/phusion_passenger/railz/application_spawner.rb:351:in `handle_spawn_application'
    /dh/passenger/lib/phusion_passenger/utils.rb:184:in `safe_fork'
    /dh/passenger/lib/phusion_passenger/railz/application_spawner.rb:349:in `handle_spawn_application'
    /dh/passenger/lib/phusion_passenger/abstract_server.rb:352:in `__send__'
    /dh/passenger/lib/phusion_passenger/abstract_server.rb:352:in `main_loop'
    /dh/passenger/lib/phusion_passenger/abstract_server.rb:196:in `start_synchronously'
    /dh/passenger/lib/phusion_passenger/abstract_server.rb:163:in `start'
    /dh/passenger/lib/phusion_passenger/railz/application_spawner.rb:209:in `start'
    /dh/passenger/lib/phusion_passenger/spawn_manager.rb:262:in `spawn_rails_application'
    /dh/passenger/lib/phusion_passenger/abstract_server_collection.rb:126:in `lookup_or_add'
    /dh/passenger/lib/phusion_passenger/spawn_manager.rb:256:in `spawn_rails_application'
    /dh/passenger/lib/phusion_passenger/abstract_server_collection.rb:80:in `synchronize'
    /dh/passenger/lib/phusion_passenger/abstract_server_collection.rb:79:in `synchronize'
    /dh/passenger/lib/phusion_passenger/spawn_manager.rb:255:in `spawn_rails_application'
    /dh/passenger/lib/phusion_passenger/spawn_manager.rb:154:in `spawn_application'
    /dh/passenger/lib/phusion_passenger/spawn_manager.rb:287:in `handle_spawn_application'
    /dh/passenger/lib/phusion_passenger/abstract_server.rb:352:in `__send__'
    /dh/passenger/lib/phusion_passenger/abstract_server.rb:352:in `main_loop'
    /dh/passenger/lib/phusion_passenger/abstract_server.rb:196:in `start_synchronously'
    /dh/passenger/bin/passenger-spawn-server:61

Rendering /home/dietzl/lyricmesh.com/public/500.html (500 Internal Server Error)
